<?xml version="1.0" encoding="UTF-8"?>
<robot generator="Robot 6.1 (Python 3.11.4 on win32)" generated="20230707 16:58:25.203" rpa="false" schemaversion="4">
<suite id="s1" name="Ex002" source="C:\Users\ryanb\dev\learning-robotframework\src\ex002.robot">
<test id="s1-t1" name="Cenario 1: Preencher formulario" line="26">
<kw name="Abrir navegador e acessar site">
<kw name="Open Browser" library="SeleniumLibrary">
<arg>https://itera-qa.azurewebsites.net/home/automation</arg>
<arg>chrome</arg>
<doc>Opens a new browser instance to the optional ``url``.</doc>
<msg timestamp="20230707 16:58:25.579" level="INFO">Opening browser 'chrome' to base url 'https://itera-qa.azurewebsites.net/home/automation'.</msg>
<status status="PASS" starttime="20230707 16:58:25.577" endtime="20230707 16:58:29.708"/>
</kw>
<status status="PASS" starttime="20230707 16:58:25.576" endtime="20230707 16:58:29.708"/>
</kw>
<kw name="Sleep" library="BuiltIn">
<arg>2s</arg>
<doc>Pauses the test executed for the given time.</doc>
<msg timestamp="20230707 16:58:31.709" level="INFO">Slept 2 seconds</msg>
<status status="PASS" starttime="20230707 16:58:29.708" endtime="20230707 16:58:31.709"/>
</kw>
<kw name="Preencher campos">
<kw name="Input Text" library="SeleniumLibrary">
<arg>${input_name}</arg>
<arg>Ryan Gabriel</arg>
<doc>Types the given ``text`` into the text field identified by ``locator``.</doc>
<msg timestamp="20230707 16:58:31.719" level="INFO">Typing text 'Ryan Gabriel' into text field 'id:name'.</msg>
<status status="PASS" starttime="20230707 16:58:31.709" endtime="20230707 16:58:32.074"/>
</kw>
<kw name="Input Text" library="SeleniumLibrary">
<arg>${input_phone}</arg>
<arg>47991579658</arg>
<doc>Types the given ``text`` into the text field identified by ``locator``.</doc>
<msg timestamp="20230707 16:58:32.075" level="INFO">Typing text '47991579658' into text field 'id:phone'.</msg>
<status status="PASS" starttime="20230707 16:58:32.074" endtime="20230707 16:58:32.277"/>
</kw>
<kw name="Input Text" library="SeleniumLibrary">
<arg>${input_email}</arg>
<arg>ryan.exemplo@gmail.com</arg>
<doc>Types the given ``text`` into the text field identified by ``locator``.</doc>
<msg timestamp="20230707 16:58:32.279" level="INFO">Typing text 'ryan.exemplo@gmail.com' into text field 'id:email'.</msg>
<status status="PASS" starttime="20230707 16:58:32.278" endtime="20230707 16:58:32.491"/>
</kw>
<kw name="Input Text" library="SeleniumLibrary">
<arg>${input_password}</arg>
<arg>senha12345</arg>
<doc>Types the given ``text`` into the text field identified by ``locator``.</doc>
<msg timestamp="20230707 16:58:32.493" level="INFO">Typing text 'senha12345' into text field 'id:password'.</msg>
<status status="PASS" starttime="20230707 16:58:32.492" endtime="20230707 16:58:32.671"/>
</kw>
<kw name="Input Text" library="SeleniumLibrary">
<arg>${textarea_address}</arg>
<arg>Rua dos bobo numero zero</arg>
<doc>Types the given ``text`` into the text field identified by ``locator``.</doc>
<msg timestamp="20230707 16:58:32.672" level="INFO">Typing text 'Rua dos bobo numero zero' into text field 'id:address'.</msg>
<status status="PASS" starttime="20230707 16:58:32.671" endtime="20230707 16:58:32.862"/>
</kw>
<status status="PASS" starttime="20230707 16:58:31.709" endtime="20230707 16:58:32.863"/>
</kw>
<kw name="Sleep" library="BuiltIn">
<arg>2s</arg>
<doc>Pauses the test executed for the given time.</doc>
<msg timestamp="20230707 16:58:34.864" level="INFO">Slept 2 seconds</msg>
<status status="PASS" starttime="20230707 16:58:32.864" endtime="20230707 16:58:34.864"/>
</kw>
<kw name="Clicar no Botão">
<kw name="Click Button" library="SeleniumLibrary">
<arg>${input_name}</arg>
<doc>Clicks the button identified by ``locator``.</doc>
<msg timestamp="20230707 16:58:34.866" level="INFO">Clicking button 'id:name'.</msg>
<status status="PASS" starttime="20230707 16:58:34.865" endtime="20230707 16:58:34.953"/>
</kw>
<status status="PASS" starttime="20230707 16:58:34.865" endtime="20230707 16:58:34.953"/>
</kw>
<kw name="Sleep" library="BuiltIn">
<arg>2s</arg>
<doc>Pauses the test executed for the given time.</doc>
<msg timestamp="20230707 16:58:36.962" level="INFO">Slept 2 seconds</msg>
<status status="PASS" starttime="20230707 16:58:34.955" endtime="20230707 16:58:36.962"/>
</kw>
<kw name="Close Browser" library="SeleniumLibrary">
<doc>Closes the current browser.</doc>
<status status="PASS" starttime="20230707 16:58:36.963" endtime="20230707 16:58:39.579"/>
</kw>
<status status="PASS" starttime="20230707 16:58:25.574" endtime="20230707 16:58:39.583"/>
</test>
<status status="PASS" starttime="20230707 16:58:25.205" endtime="20230707 16:58:39.592"/>
</suite>
<statistics>
<total>
<stat pass="1" fail="0" skip="0">All Tests</stat>
</total>
<tag>
</tag>
<suite>
<stat pass="1" fail="0" skip="0" id="s1" name="Ex002">Ex002</stat>
</suite>
</statistics>
<errors>
</errors>
</robot>
