<?xml version="1.0" encoding="UTF-8"?>
<robot generator="Robot 6.1 (Python 3.11.4 on win32)" generated="20230707 18:01:53.582" rpa="false" schemaversion="4">
<suite id="s1" name="Learning-Robotframework" source="C:\Users\ryanb\dev\learning-robotframework">
<suite id="s1-s1" name="Src" source="C:\Users\ryanb\dev\learning-robotframework\src">
<suite id="s1-s1-s1" name="Ex003" source="C:\Users\ryanb\dev\learning-robotframework\src\ex003.robot">
<test id="s1-s1-s1-t1" name="Cenario 1: Preencher formulario" line="29">
<kw name="Abrir navegador e acessar site">
<kw name="Open Browser" library="SeleniumLibrary">
<arg>https://itera-qa.azurewebsites.net/home/automation</arg>
<arg>chrome</arg>
<doc>Opens a new browser instance to the optional ``url``.</doc>
<msg timestamp="20230707 18:01:54.053" level="INFO">Opening browser 'chrome' to base url 'https://itera-qa.azurewebsites.net/home/automation'.</msg>
<status status="PASS" starttime="20230707 18:01:54.053" endtime="20230707 18:01:58.062"/>
</kw>
<status status="PASS" starttime="20230707 18:01:54.051" endtime="20230707 18:01:58.063"/>
</kw>
<kw name="Preencher campos">
<kw name="Input Text" library="SeleniumLibrary">
<arg>${input_name}</arg>
<arg>Ryan Gabriel</arg>
<doc>Types the given ``text`` into the text field identified by ``locator``.</doc>
<msg timestamp="20230707 18:01:58.068" level="INFO">Typing text 'Ryan Gabriel' into text field '//input[@id="name"]'.</msg>
<status status="PASS" starttime="20230707 18:01:58.066" endtime="20230707 18:01:58.315"/>
</kw>
<kw name="Input Text" library="SeleniumLibrary">
<arg>${input_phone}</arg>
<arg>47991579658</arg>
<doc>Types the given ``text`` into the text field identified by ``locator``.</doc>
<msg timestamp="20230707 18:01:58.317" level="INFO">Typing text '47991579658' into text field '//input[@id="phone"]'.</msg>
<status status="PASS" starttime="20230707 18:01:58.316" endtime="20230707 18:01:58.508"/>
</kw>
<kw name="Input Text" library="SeleniumLibrary">
<arg>${input_email}</arg>
<arg>ryan.exemplo@gmail.com</arg>
<doc>Types the given ``text`` into the text field identified by ``locator``.</doc>
<msg timestamp="20230707 18:01:58.511" level="INFO">Typing text 'ryan.exemplo@gmail.com' into text field '//input[@id="email"]'.</msg>
<status status="PASS" starttime="20230707 18:01:58.509" endtime="20230707 18:01:58.716"/>
</kw>
<kw name="Input Text" library="SeleniumLibrary">
<arg>${input_password}</arg>
<arg>senha12345</arg>
<doc>Types the given ``text`` into the text field identified by ``locator``.</doc>
<msg timestamp="20230707 18:01:58.717" level="INFO">Typing text 'senha12345' into text field '//input[@id="password"]'.</msg>
<status status="PASS" starttime="20230707 18:01:58.716" endtime="20230707 18:01:58.949"/>
</kw>
<kw name="Input Text" library="SeleniumLibrary">
<arg>${textarea_address}</arg>
<arg>Rua dos bobo numero zero</arg>
<doc>Types the given ``text`` into the text field identified by ``locator``.</doc>
<msg timestamp="20230707 18:01:58.951" level="INFO">Typing text 'Rua dos bobo numero zero' into text field '//textarea[@id="address"]'.</msg>
<status status="PASS" starttime="20230707 18:01:58.950" endtime="20230707 18:01:59.142"/>
</kw>
<status status="PASS" starttime="20230707 18:01:58.064" endtime="20230707 18:01:59.144"/>
</kw>
<kw name="Clicar no Botão">
<kw name="Click Button" library="SeleniumLibrary">
<arg>${input_name}</arg>
<doc>Clicks the button identified by ``locator``.</doc>
<msg timestamp="20230707 18:01:59.148" level="INFO">Clicking button '//input[@id="name"]'.</msg>
<status status="PASS" starttime="20230707 18:01:59.146" endtime="20230707 18:01:59.253"/>
</kw>
<status status="PASS" starttime="20230707 18:01:59.145" endtime="20230707 18:01:59.254"/>
</kw>
<kw name="Close Browser" library="SeleniumLibrary">
<doc>Closes the current browser.</doc>
<status status="PASS" starttime="20230707 18:01:59.258" endtime="20230707 18:02:01.494"/>
</kw>
<status status="PASS" starttime="20230707 18:01:54.049" endtime="20230707 18:02:01.498"/>
</test>
<status status="PASS" starttime="20230707 18:01:53.656" endtime="20230707 18:02:01.515"/>
</suite>
<status status="PASS" starttime="20230707 18:01:53.649" endtime="20230707 18:02:01.522"/>
</suite>
<status status="PASS" starttime="20230707 18:01:53.592" endtime="20230707 18:02:01.531"/>
</suite>
<statistics>
<total>
<stat pass="1" fail="0" skip="0">All Tests</stat>
</total>
<tag>
</tag>
<suite>
<stat pass="1" fail="0" skip="0" id="s1" name="Learning-Robotframework">Learning-Robotframework</stat>
<stat pass="1" fail="0" skip="0" id="s1-s1" name="Src">Learning-Robotframework.Src</stat>
<stat pass="1" fail="0" skip="0" id="s1-s1-s1" name="Ex003">Learning-Robotframework.Src.Ex003</stat>
</suite>
</statistics>
<errors>
</errors>
</robot>
