<?xml version="1.0" encoding="UTF-8"?>
<robot generator="Robot 6.1 (Python 3.11.4 on win32)" generated="20230708 13:42:36.249" rpa="false" schemaversion="4">
<suite id="s1" name="Ex004" source="C:\Users\ryanb\dev\learning-robotframework\src\ex004.robot">
<test id="s1-t1" name="Given" line="34">
<kw name="acesse o site do youtube">
<kw name="Open Browser" library="SeleniumLibrary">
<arg>https://www.youtube.com/</arg>
<arg>chrome</arg>
<doc>Opens a new browser instance to the optional ``url``.</doc>
<msg timestamp="20230708 13:42:36.657" level="INFO">Opening browser 'chrome' to base url 'https://www.youtube.com/'.</msg>
<status status="PASS" starttime="20230708 13:42:36.657" endtime="20230708 13:42:45.341"/>
</kw>
<status status="PASS" starttime="20230708 13:42:36.656" endtime="20230708 13:42:45.342"/>
</kw>
<status status="PASS" starttime="20230708 13:42:36.653" endtime="20230708 13:42:45.343"/>
</test>
<test id="s1-t2" name="When" line="35">
<kw name="eu digito o nome da musica">
<kw name="Input Text" library="SeleniumLibrary">
<arg>${input_pesquisa}</arg>
<arg>${nome_musica}</arg>
<doc>Types the given ``text`` into the text field identified by ``locator``.</doc>
<msg timestamp="20230708 13:42:45.348" level="INFO">Typing text 'KILLSTATION - EXTINCTION' into text field '//input[@id="search"]'.</msg>
<status status="PASS" starttime="20230708 13:42:45.347" endtime="20230708 13:42:46.323"/>
</kw>
<status status="PASS" starttime="20230708 13:42:45.346" endtime="20230708 13:42:46.323"/>
</kw>
<status status="PASS" starttime="20230708 13:42:45.345" endtime="20230708 13:42:46.324"/>
</test>
<test id="s1-t3" name="And" line="36">
<kw name="clicar no botão de busca">
<kw name="Click Button" library="SeleniumLibrary">
<arg>${button_search}</arg>
<doc>Clicks the button identified by ``locator``.</doc>
<msg timestamp="20230708 13:42:46.330" level="INFO">Clicking button '//button[@id="search-icon-legacy"]'.</msg>
<status status="PASS" starttime="20230708 13:42:46.329" endtime="20230708 13:42:46.518"/>
</kw>
<status status="PASS" starttime="20230708 13:42:46.328" endtime="20230708 13:42:46.518"/>
</kw>
<status status="PASS" starttime="20230708 13:42:46.327" endtime="20230708 13:42:46.519"/>
</test>
<test id="s1-t4" name="And" line="37">
<kw name="clica no primeiro video">
<kw name="Wait Until Element Is Visible" library="SeleniumLibrary">
<arg>${yt_video}</arg>
<arg>10</arg>
<doc>Waits until the element ``locator`` is visible.</doc>
<status status="PASS" starttime="20230708 13:42:46.528" endtime="20230708 13:42:48.002"/>
</kw>
<kw name="Click Element" library="SeleniumLibrary">
<arg>${yt_video}</arg>
<doc>Click the element identified by ``locator``.</doc>
<msg timestamp="20230708 13:42:48.004" level="INFO">Clicking element '(//yt-formatted-string[@class="style-scope ytd-video-renderer"])[1]'.</msg>
<status status="PASS" starttime="20230708 13:42:48.002" endtime="20230708 13:42:48.281"/>
</kw>
<status status="PASS" starttime="20230708 13:42:46.527" endtime="20230708 13:42:48.282"/>
</kw>
<status status="PASS" starttime="20230708 13:42:46.526" endtime="20230708 13:42:48.284"/>
</test>
<test id="s1-t5" name="Then" line="38">
<kw name="video é executado">
<kw name="Wait Until Element Is Visible" library="SeleniumLibrary">
<arg>${button_share}</arg>
<arg>10</arg>
<doc>Waits until the element ``locator`` is visible.</doc>
<status status="PASS" starttime="20230708 13:42:48.288" endtime="20230708 13:42:49.570"/>
</kw>
<kw name="Element Should Be Visible" library="SeleniumLibrary">
<arg>${button_share}</arg>
<doc>Verifies that the element identified by ``locator`` is visible.</doc>
<msg timestamp="20230708 13:42:50.091" level="INFO">Element '(//button[@aria-label="Compartilhar"])[2]' is displayed.</msg>
<status status="PASS" starttime="20230708 13:42:49.570" endtime="20230708 13:42:50.091"/>
</kw>
<kw name="Close Browser" library="SeleniumLibrary">
<doc>Closes the current browser.</doc>
<status status="PASS" starttime="20230708 13:42:50.091" endtime="20230708 13:42:52.542"/>
</kw>
<status status="PASS" starttime="20230708 13:42:48.287" endtime="20230708 13:42:52.542"/>
</kw>
<status status="PASS" starttime="20230708 13:42:48.286" endtime="20230708 13:42:52.544"/>
</test>
<status status="PASS" starttime="20230708 13:42:36.252" endtime="20230708 13:42:52.548"/>
</suite>
<statistics>
<total>
<stat pass="5" fail="0" skip="0">All Tests</stat>
</total>
<tag>
</tag>
<suite>
<stat pass="5" fail="0" skip="0" id="s1" name="Ex004">Ex004</stat>
</suite>
</statistics>
<errors>
<msg timestamp="20230708 13:42:46.524" level="WARN">Multiple tests with name 'And' executed in suite 'Ex004'.</msg>
</errors>
</robot>
